<?xml version="1.0" encoding="UTF-8"?>
<!-- Generated by org.testng.reporters.JUnitReportReporter -->
<testsuite hostname="LTIN654194" failures="0" tests="3" name="com.makemytrip.runner.TestRunner" time="86.306" errors="0" timestamp="2025-08-21T20:05:50 IST" skipped="0">
  <testcase classname="com.makemytrip.runner.TestRunner" name="runScenario" time="22.747"/>
  <testcase classname="com.makemytrip.runner.TestRunner" name="runScenario" time="45.802"/>
  <testcase classname="com.makemytrip.runner.TestRunner" name="runScenario" time="17.757"/>
</testsuite> <!-- com.makemytrip.runner.TestRunner -->
